0 info it worked if it ends with ok
1 verbose cli [ 'C:\\Program Files\\nodejs\\node.exe',
1 verbose cli   'C:\\Program Files\\nodejs\\node_modules\\npm\\bin\\npm-cli.js',
1 verbose cli   'run',
1 verbose cli   'lint' ]
2 info using npm@3.10.10
3 info using node@v6.9.4
4 verbose run-script [ 'prelint', 'lint', 'postlint' ]
5 info lifecycle ts-lazy@0.0.1~prelint: ts-lazy@0.0.1
6 silly lifecycle ts-lazy@0.0.1~prelint: no script for prelint, continuing
7 info lifecycle ts-lazy@0.0.1~lint: ts-lazy@0.0.1
8 verbose lifecycle ts-lazy@0.0.1~lint: unsafe-perm in lifecycle true
9 verbose lifecycle ts-lazy@0.0.1~lint: PATH: C:\Program Files\nodejs\node_modules\npm\bin\node-gyp-bin;C:\Users\Tuomas\projects\ts-lazy\node_modules\.bin;C:\Users\Tuomas\bin;C:\Program Files\Git\mingw64\bin;C:\Program Files\Git\usr\local\bin;C:\Program Files\Git\usr\bin;C:\Program Files\Git\usr\bin;C:\Program Files\Git\mingw64\bin;C:\Program Files\Git\usr\bin;C:\Users\Tuomas\bin;C:\Windows\system32;C:\Windows;C:\Windows\System32\Wbem;C:\Windows\System32\WindowsPowerShell\v1.0;C:\Program Files (x86)\NVIDIA Corporation\PhysX\Common;C:\Program Files\nodejs;C:\Program Files\Git\cmd;C:\Users\Tuomas\AppData\Local\Microsoft\WindowsApps;C:\Users\Tuomas\AppData\Roaming\npm;C:\Program Files\Git\usr\bin\vendor_perl;C:\Program Files\Git\usr\bin\core_perl
10 verbose lifecycle ts-lazy@0.0.1~lint: CWD: C:\Users\Tuomas\projects\ts-lazy
11 silly lifecycle ts-lazy@0.0.1~lint: Args: [ '/d /s /c', 'tslint lib/**/*.ts' ]
12 silly lifecycle ts-lazy@0.0.1~lint: Returned: code: 2  signal: null
13 info lifecycle ts-lazy@0.0.1~lint: Failed to exec lint script
14 verbose stack Error: ts-lazy@0.0.1 lint: `tslint lib/**/*.ts`
14 verbose stack Exit status 2
14 verbose stack     at EventEmitter.<anonymous> (C:\Program Files\nodejs\node_modules\npm\lib\utils\lifecycle.js:255:16)
14 verbose stack     at emitTwo (events.js:106:13)
14 verbose stack     at EventEmitter.emit (events.js:191:7)
14 verbose stack     at ChildProcess.<anonymous> (C:\Program Files\nodejs\node_modules\npm\lib\utils\spawn.js:40:14)
14 verbose stack     at emitTwo (events.js:106:13)
14 verbose stack     at ChildProcess.emit (events.js:191:7)
14 verbose stack     at maybeClose (internal/child_process.js:877:16)
14 verbose stack     at Process.ChildProcess._handle.onexit (internal/child_process.js:226:5)
15 verbose pkgid ts-lazy@0.0.1
16 verbose cwd C:\Users\Tuomas\projects\ts-lazy
17 error Windows_NT 10.0.14393
18 error argv "C:\\Program Files\\nodejs\\node.exe" "C:\\Program Files\\nodejs\\node_modules\\npm\\bin\\npm-cli.js" "run" "lint"
19 error node v6.9.4
20 error npm  v3.10.10
21 error code ELIFECYCLE
22 error ts-lazy@0.0.1 lint: `tslint lib/**/*.ts`
22 error Exit status 2
23 error Failed at the ts-lazy@0.0.1 lint script 'tslint lib/**/*.ts'.
23 error Make sure you have the latest version of node.js and npm installed.
23 error If you do, this is most likely a problem with the ts-lazy package,
23 error not with npm itself.
23 error Tell the author that this fails on your system:
23 error     tslint lib/**/*.ts
23 error You can get information on how to open an issue for this project with:
23 error     npm bugs ts-lazy
23 error Or if that isn't available, you can get their info via:
23 error     npm owner ls ts-lazy
23 error There is likely additional logging output above.
24 verbose exit [ 1, true ]
